<?xml version="1.0" encoding="UTF-8"?>
<testng-results skipped="0" failed="0" ignored="0" total="1" passed="1">
  <reporter-output>
  </reporter-output>
  <suite name="Default suite" duration-ms="23895" started-at="2020-11-15T19:38:22Z" finished-at="2020-11-15T19:38:46Z">
    <groups>
    </groups>
    <test name="Default test" duration-ms="23895" started-at="2020-11-15T19:38:22Z" finished-at="2020-11-15T19:38:46Z">
      <class name="test.AddCustomerTest">
        <test-method status="PASS" signature="userShouldBeAbleToCreateNewCustomer()[pri:0, instance:test.AddCustomerTest@3daa422a]" name="userShouldBeAbleToCreateNewCustomer" duration-ms="23848" started-at="2020-11-15T13:38:22Z" finished-at="2020-11-15T13:38:46Z">
          <reporter-output>
          </reporter-output>
        </test-method> <!-- userShouldBeAbleToCreateNewCustomer -->
      </class> <!-- test.AddCustomerTest -->
    </test> <!-- Default test -->
  </suite> <!-- Default suite -->
</testng-results>
