<?xml version="1.0" encoding="UTF-8"?>
<testng-results ignored="0" total="1" passed="1" failed="0" skipped="0">
  <reporter-output>
  </reporter-output>
  <suite started-at="2020-12-27T19:56:07 EST" name="Default suite" finished-at="2020-12-27T19:56:33 EST" duration-ms="25561">
    <groups>
    </groups>
    <test started-at="2020-12-27T19:56:07 EST" name="Default test" finished-at="2020-12-27T19:56:33 EST" duration-ms="25561">
      <class name="test.AddCustomerTest">
        <test-method signature="userShouldBeAbleToCreateNewCustomer()[pri:0, instance:test.AddCustomerTest@6a55299e]" started-at="2020-12-27T19:56:07 EST" name="userShouldBeAbleToCreateNewCustomer" finished-at="2020-12-27T19:56:33 EST" duration-ms="25502" status="PASS">
          <reporter-output>
          </reporter-output>
        </test-method> <!-- userShouldBeAbleToCreateNewCustomer -->
      </class> <!-- test.AddCustomerTest -->
    </test> <!-- Default test -->
  </suite> <!-- Default suite -->
</testng-results>
